Parsing the JSON file...
Two maps "idToRecord" and "emailToId" have been initialized...
Iterating through the objects...
New Entry with id = jkj238238jdsnfsj23 email = foo@bar.com... 
Entry not present in both maps...
Adding{"firstName":"John","lastName":"Smith","address":"123 Street St","entryDate":"2014-05-07T17:30:20+00:00","_id":"jkj238238jdsnfsj23","email":"foo@bar.com"} to both maps...
New Entry with id = edu45238jdsnfsj23 email = mae@bar.com... 
Entry not present in both maps...
Adding{"firstName":"Ted","lastName":"Masters","address":"44 North Hampton St","entryDate":"2014-05-07T17:31:20+00:00","_id":"edu45238jdsnfsj23","email":"mae@bar.com"} to both maps...
New Entry with id = wabaj238238jdsnfsj23 email = bog@bar.com... 
Entry not present in both maps...
Adding{"firstName":"Fran","lastName":"Jones","address":"8803 Dark St","entryDate":"2014-05-07T17:31:20+00:00","_id":"wabaj238238jdsnfsj23","email":"bog@bar.com"} to both maps...
New Entry with id = jkj238238jdsnfsj23 email = coo@bar.com... 
id of New Entry is already present in the idToRecord Map... Comparing ...
Date of first entry: Sat Jul 05 17:32:20 PDT 2014...
Date of Second Entry: Sat Jul 05 17:30:20 PDT 2014...
The New Entry wins ... Updating in idToRecord map and emailToRecord map ...
Adding {"firstName":"Ted","lastName":"Jones","address":"456 Neat St","entryDate":"2014-05-07T17:32:20+00:00","_id":"jkj238238jdsnfsj23","email":"coo@bar.com"} to idToRecord Map... 
Adding coo@bar.com to emailToId Map... 
New Entry with id = sel045238jdsnfsj23 email = foo@bar.com... 
id of New Entry is already present in the emailToId Map... Retrieving and Comparing ...
Date of first entry: Sat Jul 05 17:32:20 PDT 2014...
Date of Second Entry: Sat Jul 05 17:32:20 PDT 2014...
Dates are the same... Selecting latest entry... ... 
The New Entry wins ... Updating in idToRecord map and emailToRecord map ...
Adding {"firstName":"John","lastName":"Smith","address":"123 Street St","entryDate":"2014-05-07T17:32:20+00:00","_id":"sel045238jdsnfsj23","email":"foo@bar.com"} to idToRecord Map... 
Removing {"firstName":"Ted","lastName":"Jones","address":"456 Neat St","entryDate":"2014-05-07T17:32:20+00:00","_id":"jkj238238jdsnfsj23","email":"coo@bar.com"} from idToRecord Map... 
Adding foo@bar.com to emailToId Map... 
New Entry with id = qest38238jdsnfsj23 email = foo@bar.com... 
id of New Entry is already present in the emailToId Map... Retrieving and Comparing ...
Date of first entry: Sat Jul 05 17:32:20 PDT 2014...
Date of Second Entry: Sat Jul 05 17:32:20 PDT 2014...
Dates are the same... Selecting latest entry... ... 
The New Entry wins ... Updating in idToRecord map and emailToRecord map ...
Adding {"firstName":"John","lastName":"Smith","address":"123 Street St","entryDate":"2014-05-07T17:32:20+00:00","_id":"qest38238jdsnfsj23","email":"foo@bar.com"} to idToRecord Map... 
Removing {"firstName":"John","lastName":"Smith","address":"123 Street St","entryDate":"2014-05-07T17:32:20+00:00","_id":"sel045238jdsnfsj23","email":"foo@bar.com"} from idToRecord Map... 
Adding foo@bar.com to emailToId Map... 
New Entry with id = vug789238jdsnfsj23 email = foo1@bar.com... 
Entry not present in both maps...
Adding{"firstName":"Blake","lastName":"Douglas","address":"123 Reach St","entryDate":"2014-05-07T17:33:20+00:00","_id":"vug789238jdsnfsj23","email":"foo1@bar.com"} to both maps...
New Entry with id = wuj08238jdsnfsj23 email = foo@bar.com... 
id of New Entry is already present in the emailToId Map... Retrieving and Comparing ...
Date of first entry: Sat Jul 05 17:33:20 PDT 2014...
Date of Second Entry: Sat Jul 05 17:32:20 PDT 2014...
The New Entry wins ... Updating in idToRecord map and emailToRecord map ...
Adding {"firstName":"Micah","lastName":"Valmer","address":"123 Street St","entryDate":"2014-05-07T17:33:20+00:00","_id":"wuj08238jdsnfsj23","email":"foo@bar.com"} to idToRecord Map... 
Removing {"firstName":"John","lastName":"Smith","address":"123 Street St","entryDate":"2014-05-07T17:32:20+00:00","_id":"qest38238jdsnfsj23","email":"foo@bar.com"} from idToRecord Map... 
Adding foo@bar.com to emailToId Map... 
New Entry with id = belr28238jdsnfsj23 email = mae@bar.com... 
id of New Entry is already present in the emailToId Map... Retrieving and Comparing ...
Date of first entry: Sat Jul 05 17:33:20 PDT 2014...
Date of Second Entry: Sat Jul 05 17:31:20 PDT 2014...
The New Entry wins ... Updating in idToRecord map and emailToRecord map ...
Adding {"firstName":"Tallulah","lastName":"Smith","address":"123 Water St","entryDate":"2014-05-07T17:33:20+00:00","_id":"belr28238jdsnfsj23","email":"mae@bar.com"} to idToRecord Map... 
Removing {"firstName":"Ted","lastName":"Masters","address":"44 North Hampton St","entryDate":"2014-05-07T17:31:20+00:00","_id":"edu45238jdsnfsj23","email":"mae@bar.com"} from idToRecord Map... 
Adding mae@bar.com to emailToId Map... 
New Entry with id = jkj238238jdsnfsj23 email = bill@bar.com... 
Entry not present in both maps...
Adding{"firstName":"John","lastName":"Smith","address":"888 Mayberry St","entryDate":"2014-05-07T17:33:20+00:00","_id":"jkj238238jdsnfsj23","email":"bill@bar.com"} to both maps...
Result is ready ...
Final De-Dupe set of records: 
{"firstName":"Fran","lastName":"Jones","address":"8803 Dark St","entryDate":"2014-05-07T17:31:20+00:00","_id":"wabaj238238jdsnfsj23","email":"bog@bar.com"}
{"firstName":"John","lastName":"Smith","address":"888 Mayberry St","entryDate":"2014-05-07T17:33:20+00:00","_id":"jkj238238jdsnfsj23","email":"bill@bar.com"}
{"firstName":"Tallulah","lastName":"Smith","address":"123 Water St","entryDate":"2014-05-07T17:33:20+00:00","_id":"belr28238jdsnfsj23","email":"mae@bar.com"}
{"firstName":"Blake","lastName":"Douglas","address":"123 Reach St","entryDate":"2014-05-07T17:33:20+00:00","_id":"vug789238jdsnfsj23","email":"foo1@bar.com"}
{"firstName":"Micah","lastName":"Valmer","address":"123 Street St","entryDate":"2014-05-07T17:33:20+00:00","_id":"wuj08238jdsnfsj23","email":"foo@bar.com"}
